Сборка начата 02.03.2017 23:22:24.
     1>Проект "D:\DSSL_new\DSSL_new\DSSL_new.vcxproj" в узле 2 (целевые объекты Build).
     1>ClCompile:
         D:\Visual Studio\VS\VC\bin\CL.exe /c /ZI /nologo /W3 /WX- /Od /Oy- /D WIN32 /D _DEBUG /D _WINDOWS /D _UNICODE /D UNICODE /Gm /EHsc /RTC1 /MDd /GS /fp:precise /Zc:wchar_t /Zc:forScope /Yu"stdafx.h" /Fp"Debug\DSSL_new.pch" /Fo"Debug\\" /Fd"Debug\vc120.pdb" /Gd /TP /analyze- /errorReport:prompt DSSL_new.cpp
         DSSL_new.cpp
     1>d:\dssl_new\dssl_new\dssl_new.cpp(163): warning C4244: аргумент: преобразование "time_t" в "unsigned int", возможна потеря данных
     1>d:\dssl_new\dssl_new\dssl_new.cpp(431): warning C4018: <: несоответствие типов со знаком и без знака
     1>d:\dssl_new\dssl_new\dssl_new.cpp(432): warning C4018: <: несоответствие типов со знаком и без знака
     1>d:\dssl_new\dssl_new\dssl_new.cpp(451): warning C4018: <: несоответствие типов со знаком и без знака
       Link:
         D:\Visual Studio\VS\VC\bin\link.exe /ERRORREPORT:PROMPT /OUT:"D:\DSSL_new\Debug\DSSL_new.exe" /INCREMENTAL /NOLOGO kernel32.lib user32.lib gdi32.lib winspool.lib comdlg32.lib advapi32.lib shell32.lib ole32.lib oleaut32.lib uuid.lib odbc32.lib odbccp32.lib /MANIFEST /MANIFESTUAC:"level='asInvoker' uiAccess='false'" /manifest:embed /DEBUG /PDB:"D:\DSSL_new\Debug\DSSL_new.pdb" /SUBSYSTEM:WINDOWS /TLBID:1 /DYNAMICBASE /NXCOMPAT /IMPLIB:"D:\DSSL_new\Debug\DSSL_new.lib" /MACHINE:X86 Debug\DSSL_new.res
         Debug\Brush.obj
         Debug\Circle.obj
         Debug\Color.obj
         Debug\DSSL_new.obj
         Debug\Pen.obj
         Debug\Point.obj
         Debug\PolygonEx.obj
         Debug\PolyLineEx.obj
         Debug\stdafx.obj
         DSSL_new.vcxproj -> D:\DSSL_new\Debug\DSSL_new.exe
     1>Сборка проекта "D:\DSSL_new\DSSL_new\DSSL_new.vcxproj" завершена (целевые объекты Build).

Сборка успешно завершена.

Затраченное время: 00:00:00.85
